[06-Mar-2023 20:19:35 UTC] PHP Warning:  Undefined array key "data" in /Users/reeserhome/Local Sites/reesedrift/app/public/wp-content/plugins/elementor/core/common/modules/ajax/module.php on line 175
[06-Mar-2023 20:19:35 UTC] PHP Warning:  Undefined array key "conditions" in /Users/reeserhome/Local Sites/reesedrift/app/public/wp-content/plugins/elementor-pro/core/app/modules/import-export/runners/import/templates.php on line 103
[06-Mar-2023 20:19:36 UTC] PHP Warning:  Undefined array key "conditions" in /Users/reeserhome/Local Sites/reesedrift/app/public/wp-content/plugins/elementor-pro/core/app/modules/import-export/runners/import/templates.php on line 103
[06-Mar-2023 20:19:37 UTC] PHP Warning:  Undefined array key "conditions" in /Users/reeserhome/Local Sites/reesedrift/app/public/wp-content/plugins/elementor-pro/core/app/modules/import-export/runners/import/templates.php on line 103
[06-Mar-2023 20:19:38 UTC] PHP Warning:  Undefined array key "conditions" in /Users/reeserhome/Local Sites/reesedrift/app/public/wp-content/plugins/elementor-pro/core/app/modules/import-export/runners/import/templates.php on line 103
[06-Mar-2023 20:19:39 UTC] PHP Warning:  Undefined array key "conditions" in /Users/reeserhome/Local Sites/reesedrift/app/public/wp-content/plugins/elementor-pro/core/app/modules/import-export/runners/import/templates.php on line 103
[06-Mar-2023 20:19:39 UTC] PHP Warning:  Undefined array key "conditions" in /Users/reeserhome/Local Sites/reesedrift/app/public/wp-content/plugins/elementor-pro/core/app/modules/import-export/runners/import/templates.php on line 103
[06-Mar-2023 20:19:39 UTC] PHP Warning:  Undefined array key "conditions" in /Users/reeserhome/Local Sites/reesedrift/app/public/wp-content/plugins/elementor-pro/core/app/modules/import-export/runners/import/templates.php on line 103
[06-Mar-2023 20:19:47 UTC] PHP Warning:  Undefined array key "conditions" in /Users/reeserhome/Local Sites/reesedrift/app/public/wp-content/plugins/elementor-pro/core/app/modules/import-export/runners/import/templates.php on line 103
[06-Mar-2023 20:19:50 UTC] PHP Warning:  Undefined array key "conditions" in /Users/reeserhome/Local Sites/reesedrift/app/public/wp-content/plugins/elementor-pro/core/app/modules/import-export/runners/import/templates.php on line 103
[06-Mar-2023 20:19:50 UTC] PHP Warning:  Undefined array key "conditions" in /Users/reeserhome/Local Sites/reesedrift/app/public/wp-content/plugins/elementor-pro/core/app/modules/import-export/runners/import/templates.php on line 103
[06-Mar-2023 20:19:50 UTC] PHP Warning:  Undefined array key "conditions" in /Users/reeserhome/Local Sites/reesedrift/app/public/wp-content/plugins/elementor-pro/core/app/modules/import-export/runners/import/templates.php on line 103
[06-Mar-2023 20:19:50 UTC] PHP Warning:  Undefined array key "conditions" in /Users/reeserhome/Local Sites/reesedrift/app/public/wp-content/plugins/elementor-pro/core/app/modules/import-export/runners/import/templates.php on line 103
[06-Mar-2023 20:19:50 UTC] PHP Warning:  Undefined array key "conditions" in /Users/reeserhome/Local Sites/reesedrift/app/public/wp-content/plugins/elementor-pro/core/app/modules/import-export/runners/import/templates.php on line 103
[06-Mar-2023 20:19:51 UTC] PHP Warning:  Undefined array key "conditions" in /Users/reeserhome/Local Sites/reesedrift/app/public/wp-content/plugins/elementor-pro/core/app/modules/import-export/runners/import/templates.php on line 103
[06-Mar-2023 20:19:52 UTC] PHP Warning:  Undefined array key "conditions" in /Users/reeserhome/Local Sites/reesedrift/app/public/wp-content/plugins/elementor-pro/core/app/modules/import-export/runners/import/templates.php on line 103
[06-Mar-2023 20:19:52 UTC] PHP Warning:  Undefined array key "conditions" in /Users/reeserhome/Local Sites/reesedrift/app/public/wp-content/plugins/elementor-pro/core/app/modules/import-export/runners/import/templates.php on line 103
[06-Mar-2023 20:19:53 UTC] PHP Warning:  Undefined array key "conditions" in /Users/reeserhome/Local Sites/reesedrift/app/public/wp-content/plugins/elementor-pro/core/app/modules/import-export/runners/import/templates.php on line 103
[06-Mar-2023 20:19:54 UTC] PHP Warning:  Undefined array key "conditions" in /Users/reeserhome/Local Sites/reesedrift/app/public/wp-content/plugins/elementor-pro/core/app/modules/import-export/runners/import/templates.php on line 103
[06-Mar-2023 20:21:13 UTC] PHP Warning:  Attempt to read property "title" on null in /Users/reeserhome/Local Sites/reesedrift/app/public/wp-includes/class-wp-customize-widgets.php on line 900
[06-Mar-2023 20:26:18 UTC] PHP Warning:  Undefined array key "data" in /Users/reeserhome/Local Sites/reesedrift/app/public/wp-content/plugins/elementor/core/common/modules/ajax/module.php on line 175
[06-Mar-2023 20:30:50 UTC] PHP Warning:  Undefined array key "data" in /Users/reeserhome/Local Sites/reesedrift/app/public/wp-content/plugins/elementor/core/common/modules/ajax/module.php on line 175
[06-Mar-2023 20:33:09 UTC] PHP Warning:  Undefined array key "data" in /Users/reeserhome/Local Sites/reesedrift/app/public/wp-content/plugins/elementor/core/common/modules/ajax/module.php on line 175
[06-Mar-2023 20:36:49 UTC] PHP Warning:  Attempt to read property "post_type" on null in /Users/reeserhome/Local Sites/reesedrift/app/public/wp-content/plugins/wordpress-seo/src/integrations/third-party/elementor.php on line 163
[06-Mar-2023 20:37:05 UTC] PHP Warning:  Attempt to read property "post_type" on null in /Users/reeserhome/Local Sites/reesedrift/app/public/wp-content/plugins/wordpress-seo/src/integrations/third-party/elementor.php on line 163
[06-Mar-2023 20:37:35 UTC] PHP Warning:  Attempt to read property "post_type" on null in /Users/reeserhome/Local Sites/reesedrift/app/public/wp-content/plugins/wordpress-seo/src/integrations/third-party/elementor.php on line 163
[06-Mar-2023 20:38:09 UTC] PHP Warning:  Attempt to read property "post_type" on null in /Users/reeserhome/Local Sites/reesedrift/app/public/wp-content/plugins/wordpress-seo/src/integrations/third-party/elementor.php on line 163
[06-Mar-2023 20:38:57 UTC] PHP Warning:  Attempt to read property "post_type" on null in /Users/reeserhome/Local Sites/reesedrift/app/public/wp-content/plugins/wordpress-seo/src/integrations/third-party/elementor.php on line 163
[06-Mar-2023 20:39:33 UTC] PHP Warning:  Attempt to read property "post_type" on null in /Users/reeserhome/Local Sites/reesedrift/app/public/wp-content/plugins/wordpress-seo/src/integrations/third-party/elementor.php on line 163
[06-Mar-2023 20:45:20 UTC] PHP Warning:  Attempt to read property "post_type" on null in /Users/reeserhome/Local Sites/reesedrift/app/public/wp-content/plugins/wordpress-seo/src/integrations/third-party/elementor.php on line 163
[06-Mar-2023 21:13:33 UTC] PHP Warning:  Attempt to read property "post_type" on null in /Users/reeserhome/Local Sites/reesedrift/app/public/wp-content/plugins/wordpress-seo/src/integrations/third-party/elementor.php on line 163
[06-Mar-2023 21:15:14 UTC] PHP Warning:  Attempt to read property "post_type" on null in /Users/reeserhome/Local Sites/reesedrift/app/public/wp-content/plugins/wordpress-seo/src/integrations/third-party/elementor.php on line 163
[06-Mar-2023 21:41:04 UTC] PHP Warning:  Attempt to read property "post_type" on null in /Users/reeserhome/Local Sites/reesedrift/app/public/wp-content/plugins/wordpress-seo/src/integrations/third-party/elementor.php on line 163
[08-Mar-2023 17:10:54 UTC] PHP Warning:  Attempt to read property "post_type" on null in /Users/reeserhome/Local Sites/reesedrift/app/public/wp-content/plugins/wordpress-seo/src/integrations/third-party/elementor.php on line 163
[08-Mar-2023 17:17:09 UTC] PHP Warning:  Attempt to read property "post_type" on null in /Users/reeserhome/Local Sites/reesedrift/app/public/wp-content/plugins/wordpress-seo/src/integrations/third-party/elementor.php on line 163
[08-Mar-2023 17:18:27 UTC] PHP Warning:  Attempt to read property "post_type" on null in /Users/reeserhome/Local Sites/reesedrift/app/public/wp-content/plugins/wordpress-seo/src/integrations/third-party/elementor.php on line 163
[08-Mar-2023 17:18:47 UTC] PHP Warning:  Attempt to read property "post_type" on null in /Users/reeserhome/Local Sites/reesedrift/app/public/wp-content/plugins/wordpress-seo/src/integrations/third-party/elementor.php on line 163
[08-Mar-2023 22:17:46 UTC] PHP Warning:  Attempt to read property "post_type" on null in /Users/reeserhome/Local Sites/reesedrift/app/public/wp-content/plugins/wordpress-seo/src/integrations/third-party/elementor.php on line 163
[09-Mar-2023 17:03:41 UTC] PHP Warning:  unlink(seo.png): No such file or directory in /Users/reeserhome/Local Sites/reesedrift/app/public/wp-content/plugins/elementor-pro/modules/assets-manager/asset-types/icons/custom-icons.php on line 199
[09-Mar-2023 17:08:50 UTC] PHP Warning:  Trying to access array offset on value of type null in /Users/reeserhome/Local Sites/reesedrift/app/public/wp-content/plugins/elementor-pro/modules/assets-manager/asset-types/icons/custom-icons.php on line 196
[09-Mar-2023 17:08:50 UTC] PHP Warning:  unlink(): No such file or directory in /Users/reeserhome/Local Sites/reesedrift/app/public/wp-content/plugins/elementor-pro/modules/assets-manager/asset-types/icons/custom-icons.php on line 199
[16-Mar-2023 23:02:22 UTC] PHP Warning:  Attempt to read property "title" on null in /Users/reeserhome/Local Sites/reesedrift/app/public/wp-includes/class-wp-customize-widgets.php on line 900
[23-Mar-2023 22:29:13 UTC] PHP Warning:  Attempt to read property "post_type" on null in /Users/reeserhome/Local Sites/reesedrift/app/public/wp-content/plugins/wordpress-seo/src/integrations/third-party/elementor.php on line 151
[25-Mar-2023 16:15:06 UTC] PHP Warning:  Undefined array key "data" in /Users/reeserhome/Local Sites/reesedrift/app/public/wp-content/plugins/elementor/core/common/modules/ajax/module.php on line 175
[25-Mar-2023 16:16:36 UTC] PHP Warning:  Undefined array key "data" in /Users/reeserhome/Local Sites/reesedrift/app/public/wp-content/plugins/elementor/core/common/modules/ajax/module.php on line 175
[25-Mar-2023 16:16:49 UTC] PHP Warning:  Undefined array key "data" in /Users/reeserhome/Local Sites/reesedrift/app/public/wp-content/plugins/elementor/core/common/modules/ajax/module.php on line 175
[25-Mar-2023 16:18:33 UTC] PHP Warning:  Undefined array key "data" in /Users/reeserhome/Local Sites/reesedrift/app/public/wp-content/plugins/elementor/core/common/modules/ajax/module.php on line 175
[25-Mar-2023 16:19:43 UTC] PHP Warning:  Undefined array key "data" in /Users/reeserhome/Local Sites/reesedrift/app/public/wp-content/plugins/elementor/core/common/modules/ajax/module.php on line 175
[25-Mar-2023 16:21:47 UTC] PHP Warning:  Undefined array key "data" in /Users/reeserhome/Local Sites/reesedrift/app/public/wp-content/plugins/elementor/core/common/modules/ajax/module.php on line 175
[25-Mar-2023 16:22:59 UTC] PHP Warning:  Undefined array key "data" in /Users/reeserhome/Local Sites/reesedrift/app/public/wp-content/plugins/elementor/core/common/modules/ajax/module.php on line 175
[25-Mar-2023 16:24:01 UTC] PHP Warning:  Undefined array key "data" in /Users/reeserhome/Local Sites/reesedrift/app/public/wp-content/plugins/elementor/core/common/modules/ajax/module.php on line 175
[25-Mar-2023 16:25:22 UTC] PHP Warning:  Undefined array key "data" in /Users/reeserhome/Local Sites/reesedrift/app/public/wp-content/plugins/elementor/core/common/modules/ajax/module.php on line 175
[25-Mar-2023 16:27:18 UTC] PHP Warning:  Undefined array key "data" in /Users/reeserhome/Local Sites/reesedrift/app/public/wp-content/plugins/elementor/core/common/modules/ajax/module.php on line 175
[25-Mar-2023 16:33:47 UTC] PHP Warning:  Undefined array key "data" in /Users/reeserhome/Local Sites/reesedrift/app/public/wp-content/plugins/elementor/core/common/modules/ajax/module.php on line 175
[25-Mar-2023 16:40:25 UTC] PHP Warning:  Attempt to read property "post_type" on null in /Users/reeserhome/Local Sites/reesedrift/app/public/wp-content/plugins/wordpress-seo/src/integrations/third-party/elementor.php on line 151
[25-Mar-2023 16:44:34 UTC] PHP Warning:  Attempt to read property "post_type" on null in /Users/reeserhome/Local Sites/reesedrift/app/public/wp-content/plugins/wordpress-seo/src/integrations/third-party/elementor.php on line 151
[25-Mar-2023 16:45:37 UTC] PHP Warning:  Attempt to read property "post_type" on null in /Users/reeserhome/Local Sites/reesedrift/app/public/wp-content/plugins/wordpress-seo/src/integrations/third-party/elementor.php on line 151
[25-Mar-2023 16:51:45 UTC] PHP Warning:  Attempt to read property "post_type" on null in /Users/reeserhome/Local Sites/reesedrift/app/public/wp-content/plugins/wordpress-seo/src/integrations/third-party/elementor.php on line 151
[25-Mar-2023 17:25:37 UTC] PHP Warning:  Attempt to read property "post_type" on null in /Users/reeserhome/Local Sites/reesedrift/app/public/wp-content/plugins/wordpress-seo/src/integrations/third-party/elementor.php on line 151
[25-Mar-2023 17:35:41 UTC] PHP Warning:  Undefined array key "data" in /Users/reeserhome/Local Sites/reesedrift/app/public/wp-content/plugins/elementor/core/common/modules/ajax/module.php on line 175
[25-Mar-2023 17:45:21 UTC] PHP Warning:  Undefined array key "data" in /Users/reeserhome/Local Sites/reesedrift/app/public/wp-content/plugins/elementor/core/common/modules/ajax/module.php on line 175
[25-Mar-2023 18:50:26 UTC] PHP Warning:  Undefined array key "data" in /Users/reeserhome/Local Sites/reesedrift/app/public/wp-content/plugins/elementor/core/common/modules/ajax/module.php on line 175
[25-Mar-2023 19:47:21 UTC] PHP Warning:  Undefined array key "data" in /Users/reeserhome/Local Sites/reesedrift/app/public/wp-content/plugins/elementor/core/common/modules/ajax/module.php on line 175
[25-Mar-2023 19:51:08 UTC] PHP Warning:  Undefined array key "data" in /Users/reeserhome/Local Sites/reesedrift/app/public/wp-content/plugins/elementor/core/common/modules/ajax/module.php on line 175
[25-Mar-2023 19:54:22 UTC] PHP Warning:  Undefined array key "data" in /Users/reeserhome/Local Sites/reesedrift/app/public/wp-content/plugins/elementor/core/common/modules/ajax/module.php on line 175
[25-Mar-2023 19:56:01 UTC] PHP Warning:  Attempt to read property "post_type" on null in /Users/reeserhome/Local Sites/reesedrift/app/public/wp-content/plugins/wordpress-seo/src/integrations/third-party/elementor.php on line 151
[25-Mar-2023 19:57:41 UTC] PHP Warning:  Attempt to read property "post_type" on null in /Users/reeserhome/Local Sites/reesedrift/app/public/wp-content/plugins/wordpress-seo/src/integrations/third-party/elementor.php on line 151
[26-Mar-2023 18:40:49 UTC] PHP Warning:  Undefined array key "data" in /Users/reeserhome/Local Sites/reesedrift/app/public/wp-content/plugins/elementor/core/common/modules/ajax/module.php on line 175
[27-Mar-2023 15:35:21 UTC] PHP Warning:  Attempt to read property "post_type" on null in /Users/reeserhome/Local Sites/reesedrift/app/public/wp-content/plugins/wordpress-seo/src/integrations/third-party/elementor.php on line 151
[27-Mar-2023 15:37:55 UTC] PHP Warning:  Undefined array key "data" in /Users/reeserhome/Local Sites/reesedrift/app/public/wp-content/plugins/elementor/core/common/modules/ajax/module.php on line 175
[27-Mar-2023 15:38:09 UTC] PHP Warning:  Undefined array key "data" in /Users/reeserhome/Local Sites/reesedrift/app/public/wp-content/plugins/elementor/core/common/modules/ajax/module.php on line 175
[27-Mar-2023 15:42:15 UTC] PHP Warning:  Attempt to read property "post_type" on null in /Users/reeserhome/Local Sites/reesedrift/app/public/wp-content/plugins/wordpress-seo/src/integrations/third-party/elementor.php on line 151
[27-Mar-2023 15:42:33 UTC] PHP Warning:  Undefined array key "data" in /Users/reeserhome/Local Sites/reesedrift/app/public/wp-content/plugins/elementor/core/common/modules/ajax/module.php on line 175
[10-Apr-2023 18:19:41 UTC] PHP Warning:  Attempt to read property "post_type" on null in /Users/reeserhome/Local Sites/reesedrift/app/public/wp-content/plugins/wordpress-seo/src/integrations/third-party/elementor.php on line 151
[10-Apr-2023 18:20:35 UTC] PHP Warning:  Attempt to read property "post_type" on null in /Users/reeserhome/Local Sites/reesedrift/app/public/wp-content/plugins/wordpress-seo/src/integrations/third-party/elementor.php on line 151
[26-Apr-2023 23:07:36 UTC] Cron reschedule event error for hook: wp_privacy_delete_old_export_files, Error code: could_not_set, Error message: The cron event list could not be saved., Data: {"schedule":"hourly","args":[],"interval":3600}
