[06-Mar-2023 12:07:19] NOTICE: fpm is running, pid 69931
[06-Mar-2023 12:07:19] NOTICE: ready to handle connections
[06-Mar-2023 13:58:16] NOTICE: Terminating ...
[06-Mar-2023 13:58:16] NOTICE: Terminating ...
[06-Mar-2023 13:58:16] NOTICE: exiting, bye-bye!
[08-Mar-2023 08:46:45] NOTICE: fpm is running, pid 34447
[08-Mar-2023 08:46:45] NOTICE: ready to handle connections
[08-Mar-2023 10:06:16] NOTICE: Terminating ...
[08-Mar-2023 10:06:16] NOTICE: Terminating ...
[08-Mar-2023 10:06:16] NOTICE: exiting, bye-bye!
[08-Mar-2023 14:16:40] NOTICE: fpm is running, pid 40765
[08-Mar-2023 14:16:40] NOTICE: ready to handle connections
[10-Mar-2023 07:08:47] NOTICE: Terminating ...
[10-Mar-2023 07:08:47] NOTICE: Terminating ...
[10-Mar-2023 07:08:47] NOTICE: exiting, bye-bye!
[14-Mar-2023 16:01:07] NOTICE: fpm is running, pid 83929
[14-Mar-2023 16:01:07] NOTICE: ready to handle connections
[14-Mar-2023 16:23:14] NOTICE: Terminating ...
[14-Mar-2023 16:23:14] NOTICE: Terminating ...
[14-Mar-2023 16:23:14] NOTICE: exiting, bye-bye!
[16-Mar-2023 16:00:33] NOTICE: fpm is running, pid 33454
[16-Mar-2023 16:00:33] NOTICE: ready to handle connections
[18-Mar-2023 00:48:53] NOTICE: Terminating ...
[18-Mar-2023 00:48:53] NOTICE: Terminating ...
[18-Mar-2023 00:48:53] NOTICE: exiting, bye-bye!
[23-Mar-2023 15:27:34] NOTICE: fpm is running, pid 98273
[23-Mar-2023 15:27:34] NOTICE: ready to handle connections
[25-Mar-2023 18:37:22] NOTICE: Terminating ...
[25-Mar-2023 18:37:22] NOTICE: Terminating ...
[25-Mar-2023 18:37:22] NOTICE: exiting, bye-bye!
[26-Mar-2023 10:43:08] NOTICE: fpm is running, pid 54844
[26-Mar-2023 10:43:08] NOTICE: ready to handle connections
[26-Mar-2023 12:53:49] NOTICE: Terminating ...
[26-Mar-2023 12:53:49] NOTICE: Terminating ...
[26-Mar-2023 12:53:49] NOTICE: exiting, bye-bye!
[27-Mar-2023 08:02:36] NOTICE: fpm is running, pid 79158
[27-Mar-2023 08:02:36] NOTICE: ready to handle connections
[27-Mar-2023 08:47:52] NOTICE: Terminating ...
[27-Mar-2023 08:47:52] NOTICE: Terminating ...
[27-Mar-2023 08:47:52] NOTICE: exiting, bye-bye!
[10-Apr-2023 09:05:21] NOTICE: fpm is running, pid 90867
[10-Apr-2023 09:05:21] NOTICE: ready to handle connections
[10-Apr-2023 13:05:54] NOTICE: Terminating ...
[10-Apr-2023 13:05:54] NOTICE: Terminating ...
[10-Apr-2023 13:05:54] NOTICE: exiting, bye-bye!
[26-Apr-2023 15:47:08] NOTICE: fpm is running, pid 60770
[26-Apr-2023 15:47:08] NOTICE: ready to handle connections
